21:26:15 **** Rebuild of configuration Debug for project tp1 ****
Info: Internal Builder is used for build
gcc -O0 -g3 -Wall -c -fmessage-length=0 -o "src\\tp1.o" "..\\src\\tp1.c" 
gcc -o tp1.exe "src\\tp1.o" 
Info: Nothing to build for tp1
Info: Nothing to build for tp1
Info: Nothing to build for tp1
23:47:52 **** Incremental Build of configuration Debug for project tp1 ****
Info: Internal Builder is used for build
gcc -O0 -g3 -Wall -c -fmessage-length=0 -o "src\\validaciones.o" "..\\src\\validaciones.c" 
..\src\validaciones.c: In function 'validarMenu':
..\src\validaciones.c:53:5: warning: implicit declaration of function 'printf' [-Wimplicit-function-declaration]
     printf("Ingresa la opcion : ");
     ^~~~~~
..\src\validaciones.c:53:5: warning: incompatible implicit declaration of built-in function 'printf'
..\src\validaciones.c:53:5: note: include '<stdio.h>' or provide a declaration of 'printf'
..\src\validaciones.c:54:5: warning: implicit declaration of function 'scanf' [-Wimplicit-function-declaration]
     scanf("%d",&opcion);
     ^~~~~
..\src\validaciones.c:54:5: warning: incompatible implicit declaration of built-in function 'scanf'
..\src\validaciones.c:54:5: note: include '<stdio.h>' or provide a declaration of 'scanf'
gcc -O0 -g3 -Wall -c -fmessage-length=0 -o "src\\menu.o" "..\\src\\menu.c" 
gcc -O0 -g3 -Wall -c -fmessage-length=0 -o "src\\input.o" "..\\src\\input.c" 
gcc -O0 -g3 -Wall -c -fmessage-length=0 -o "src\\operaciones.o" "..\\src\\operaciones.c" 
..\src\operaciones.c: In function 'factorial':
..\src\operaciones.c:47:23: warning: implicit declaration of function 'verificarNumFactorial' [-Wimplicit-function-declaration]
  int numeroEsEntero = verificarNumFactorial(numero);
                       ^~~~~~~~~~~~~~~~~~~~~
gcc -o tp1.exe "src\\input.o" "src\\menu.o" "src\\operaciones.o" "src\\tp1.o" "src\\validaciones.o" 
23:49:39 **** Incremental Build of configuration Debug for project tp1 ****
Info: Internal Builder is used for build
gcc -O0 -g3 -Wall -c -fmessage-length=0 -o "src\\validaciones.o" "..\\src\\validaciones.c" 
gcc -O0 -g3 -Wall -c -fmessage-length=0 -o "src\\input.o" "..\\src\\input.c" 
gcc -O0 -g3 -Wall -c -fmessage-length=0 -o "src\\tp1.o" "..\\src\\tp1.c" 
gcc -o tp1.exe "src\\input.o" "src\\menu.o" "src\\operaciones.o" "src\\tp1.o" "src\\validaciones.o" 
00:22:47 **** Incremental Build of configuration Debug for project tp1 ****
Info: Internal Builder is used for build
gcc -O0 -g3 -Wall -c -fmessage-length=0 -o "src\\tp1.o" "..\\src\\tp1.c" 
..\src\tp1.c: In function 'main':
..\src\tp1.c:36:3: warning: implicit declaration of function 'mostrarOpciones' [-Wimplicit-function-declaration]
   mostrarOpciones();
   ^~~~~~~~~~~~~~~
..\src\tp1.c:37:12: warning: implicit declaration of function 'menu' [-Wimplicit-function-declaration]
   opcion = menu();
            ^~~~
..\src\tp1.c:42:24: warning: implicit declaration of function 'ingresarNumero' [-Wimplicit-function-declaration]
     flagPrimerNumero = ingresarNumero(&numeroUno);
                        ^~~~~~~~~~~~~~
..\src\tp1.c:48:22: warning: implicit declaration of function 'verificarSiIngresoNumeros' [-Wimplicit-function-declaration]
     verificarFlags = verificarSiIngresoNumeros(flagPrimerNumero,flagSegundoNumero);
                      ^~~~~~~~~~~~~~~~~~~~~~~~~
..\src\tp1.c:51:22: warning: implicit declaration of function 'sumarDosNumeros' [-Wimplicit-function-declaration]
      resultadoSuma = sumarDosNumeros(numeroUno,numeroDos);
                      ^~~~~~~~~~~~~~~
..\src\tp1.c:52:23: warning: implicit declaration of function 'restarDosNumeros' [-Wimplicit-function-declaration]
      resultadoResta = restarDosNumeros(numeroUno,numeroDos);
                       ^~~~~~~~~~~~~~~~
..\src\tp1.c:53:32: warning: implicit declaration of function 'multiplicarDosNumeros' [-Wimplicit-function-declaration]
      resultadoMultiplicacion = multiplicarDosNumeros(numeroUno,numeroDos);
                                ^~~~~~~~~~~~~~~~~~~~~
..\src\tp1.c:54:29: warning: implicit declaration of function 'dividir' [-Wimplicit-function-declaration]
      verificacionDivision = dividir(numeroUno,numeroDos,&resultadoDivision);
                             ^~~~~~~
..\src\tp1.c:55:32: warning: implicit declaration of function 'calcularFactorial' [-Wimplicit-function-declaration]
      verificacionFactorialUno= calcularFactorial(numeroUno,&resultadoFactorialUno);
                                ^~~~~~~~~~~~~~~~~
..\src\tp1.c:62:6: warning: implicit declaration of function 'mostrarSiIngresoNumeros' [-Wimplicit-function-declaration]
      mostrarSiIngresoNumeros(verificarFlags);
      ^~~~~~~~~~~~~~~~~~~~~~~
..\src\tp1.c:69:6: warning: implicit declaration of function 'mostrarSuma' [-Wimplicit-function-declaration]
      mostrarSuma(numeroUno, numeroDos,resultadoSuma);
      ^~~~~~~~~~~
..\src\tp1.c:70:6: warning: implicit declaration of function 'mostrarResta' [-Wimplicit-function-declaration]
      mostrarResta(numeroUno,numeroDos,resultadoResta);
      ^~~~~~~~~~~~
..\src\tp1.c:71:6: warning: implicit declaration of function 'mostrarMultiplicacion' [-Wimplicit-function-declaration]
      mostrarMultiplicacion(numeroUno,numeroDos,resultadoMultiplicacion);
      ^~~~~~~~~~~~~~~~~~~~~
..\src\tp1.c:72:6: warning: implicit declaration of function 'mostrarDivision' [-Wimplicit-function-declaration]
      mostrarDivision(numeroUno,numeroDos, resultadoDivision,verificacionDivision);
      ^~~~~~~~~~~~~~~
..\src\tp1.c:73:6: warning: implicit declaration of function 'mostrarFactorial' [-Wimplicit-function-declaration]
      mostrarFactorial(numeroUno, resultadoFactorialUno, verificacionFactorialUno);
      ^~~~~~~~~~~~~~~~
gcc -O0 -g3 -Wall -c -fmessage-length=0 -o "src\\validaciones.o" "..\\src\\validaciones.c" 
..\src\validaciones.c: In function 'validarMenu':
..\src\validaciones.c:54:14: warning: implicit declaration of function 'ingresarNumero' [-Wimplicit-function-declaration]
     todoOk = ingresarNumero("Ingresa la opcion : del %d a %d", &opcion);
              ^~~~~~~~~~~~~~
..\src\validaciones.c:53:9: warning: variable 'todoOk' set but not used [-Wunused-but-set-variable]
     int todoOk;
         ^~~~~~
gcc -O0 -g3 -Wall -c -fmessage-length=0 -o "src\\operaciones.o" "..\\src\\operaciones.c" 
..\src\operaciones.c: In function 'calcularFactorial':
..\src\operaciones.c:47:23: warning: implicit declaration of function 'verificarNumFactorial' [-Wimplicit-function-declaration]
  int numeroEsEntero = verificarNumFactorial(numero);
                       ^~~~~~~~~~~~~~~~~~~~~
gcc -O0 -g3 -Wall -c -fmessage-length=0 -o "src\\menu.o" "..\\src\\menu.c" 
..\src\menu.c: In function 'menu':
..\src\menu.c:13:14: warning: implicit declaration of function 'validarMenu' [-Wimplicit-function-declaration]
     opcion = validarMenu(1,5);
              ^~~~~~~~~~~
gcc -o tp1.exe "src\\input.o" "src\\menu.o" "src\\operaciones.o" "src\\tp1.o" "src\\validaciones.o" 
00:23:19 **** Incremental Build of configuration Debug for project tp1 ****
Info: Internal Builder is used for build
gcc -O0 -g3 -Wall -c -fmessage-length=0 -o "src\\tp1.o" "..\\src\\tp1.c" 
..\src\tp1.c:16:28: fatal error: verificaciones.h: No such file or directory
 #include "verificaciones.h"
                            ^
compilation terminated.
00:23:28 **** Incremental Build of configuration Debug for project tp1 ****
Info: Internal Builder is used for build
gcc -O0 -g3 -Wall -c -fmessage-length=0 -o "src\\tp1.o" "..\\src\\tp1.c" 
..\src\tp1.c: In function 'main':
..\src\tp1.c:40:3: warning: implicit declaration of function 'mostrarOpciones' [-Wimplicit-function-declaration]
   mostrarOpciones();
   ^~~~~~~~~~~~~~~
..\src\tp1.c:41:12: warning: implicit declaration of function 'menu' [-Wimplicit-function-declaration]
   opcion = menu();
            ^~~~
..\src\tp1.c:46:24: warning: implicit declaration of function 'ingresarNumero' [-Wimplicit-function-declaration]
     flagPrimerNumero = ingresarNumero(&numeroUno);
                        ^~~~~~~~~~~~~~
..\src\tp1.c:52:22: warning: implicit declaration of function 'verificarSiIngresoNumeros' [-Wimplicit-function-declaration]
     verificarFlags = verificarSiIngresoNumeros(flagPrimerNumero,flagSegundoNumero);
                      ^~~~~~~~~~~~~~~~~~~~~~~~~
..\src\tp1.c:55:22: warning: implicit declaration of function 'sumarDosNumeros' [-Wimplicit-function-declaration]
      resultadoSuma = sumarDosNumeros(numeroUno,numeroDos);
                      ^~~~~~~~~~~~~~~
..\src\tp1.c:56:23: warning: implicit declaration of function 'restarDosNumeros' [-Wimplicit-function-declaration]
      resultadoResta = restarDosNumeros(numeroUno,numeroDos);
                       ^~~~~~~~~~~~~~~~
..\src\tp1.c:57:32: warning: implicit declaration of function 'multiplicarDosNumeros' [-Wimplicit-function-declaration]
      resultadoMultiplicacion = multiplicarDosNumeros(numeroUno,numeroDos);
                                ^~~~~~~~~~~~~~~~~~~~~
..\src\tp1.c:58:29: warning: implicit declaration of function 'dividir' [-Wimplicit-function-declaration]
      verificacionDivision = dividir(numeroUno,numeroDos,&resultadoDivision);
                             ^~~~~~~
..\src\tp1.c:59:32: warning: implicit declaration of function 'calcularFactorial' [-Wimplicit-function-declaration]
      verificacionFactorialUno= calcularFactorial(numeroUno,&resultadoFactorialUno);
                                ^~~~~~~~~~~~~~~~~
..\src\tp1.c:66:6: warning: implicit declaration of function 'mostrarSiIngresoNumeros' [-Wimplicit-function-declaration]
      mostrarSiIngresoNumeros(verificarFlags);
      ^~~~~~~~~~~~~~~~~~~~~~~
..\src\tp1.c:73:6: warning: implicit declaration of function 'mostrarSuma' [-Wimplicit-function-declaration]
      mostrarSuma(numeroUno, numeroDos,resultadoSuma);
      ^~~~~~~~~~~
..\src\tp1.c:74:6: warning: implicit declaration of function 'mostrarResta' [-Wimplicit-function-declaration]
      mostrarResta(numeroUno,numeroDos,resultadoResta);
      ^~~~~~~~~~~~
..\src\tp1.c:75:6: warning: implicit declaration of function 'mostrarMultiplicacion' [-Wimplicit-function-declaration]
      mostrarMultiplicacion(numeroUno,numeroDos,resultadoMultiplicacion);
      ^~~~~~~~~~~~~~~~~~~~~
..\src\tp1.c:76:6: warning: implicit declaration of function 'mostrarDivision' [-Wimplicit-function-declaration]
      mostrarDivision(numeroUno,numeroDos, resultadoDivision,verificacionDivision);
      ^~~~~~~~~~~~~~~
..\src\tp1.c:77:6: warning: implicit declaration of function 'mostrarFactorial' [-Wimplicit-function-declaration]
      mostrarFactorial(numeroUno, resultadoFactorialUno, verificacionFactorialUno);
      ^~~~~~~~~~~~~~~~
gcc -o tp1.exe "src\\input.o" "src\\menu.o" "src\\operaciones.o" "src\\tp1.o" "src\\validaciones.o" 
00:26:16 **** Incremental Build of configuration Debug for project tp1 ****
Info: Internal Builder is used for build
gcc -O0 -g3 -Wall -c -fmessage-length=0 -o "src\\tp1.o" "..\\src\\tp1.c" 
..\src\tp1.c: In function 'main':
..\src\tp1.c:46:39: warning: passing argument 1 of 'ingresarNumero' from incompatible pointer type [-Wincompatible-pointer-types]
     flagPrimerNumero = ingresarNumero(&numeroUno);
                                       ^
In file included from ..\src\tp1.c:15:0:
..\src\input.h:10:5: note: expected 'char *' but argument is of type 'float *'
 int ingresarNumero(char mensaje[], float*pNumero);
     ^~~~~~~~~~~~~~
..\src\tp1.c:46:24: error: too few arguments to function 'ingresarNumero'
     flagPrimerNumero = ingresarNumero(&numeroUno);
                        ^~~~~~~~~~~~~~
In file included from ..\src\tp1.c:15:0:
..\src\input.h:10:5: note: declared here
 int ingresarNumero(char mensaje[], float*pNumero);
     ^~~~~~~~~~~~~~
..\src\tp1.c:49:40: warning: passing argument 1 of 'ingresarNumero' from incompatible pointer type [-Wincompatible-pointer-types]
     flagSegundoNumero = ingresarNumero(&numeroDos);
                                        ^
In file included from ..\src\tp1.c:15:0:
..\src\input.h:10:5: note: expected 'char *' but argument is of type 'float *'
 int ingresarNumero(char mensaje[], float*pNumero);
     ^~~~~~~~~~~~~~
..\src\tp1.c:49:25: error: too few arguments to function 'ingresarNumero'
     flagSegundoNumero = ingresarNumero(&numeroDos);
                         ^~~~~~~~~~~~~~
In file included from ..\src\tp1.c:15:0:
..\src\input.h:10:5: note: declared here
 int ingresarNumero(char mensaje[], float*pNumero);
     ^~~~~~~~~~~~~~
00:26:17 **** Incremental Build of configuration Debug for project tp1 ****
Info: Internal Builder is used for build
gcc -O0 -g3 -Wall -c -fmessage-length=0 -o "src\\menu.o" "..\\src\\menu.c" 
gcc -O0 -g3 -Wall -c -fmessage-length=0 -o "src\\tp1.o" "..\\src\\tp1.c" 
..\src\tp1.c: In function 'main':
..\src\tp1.c:46:39: warning: passing argument 1 of 'ingresarNumero' from incompatible pointer type [-Wincompatible-pointer-types]
     flagPrimerNumero = ingresarNumero(&numeroUno);
                                       ^
In file included from ..\src\tp1.c:15:0:
..\src\input.h:10:5: note: expected 'char *' but argument is of type 'float *'
 int ingresarNumero(char mensaje[], float*pNumero);
     ^~~~~~~~~~~~~~
..\src\tp1.c:46:24: error: too few arguments to function 'ingresarNumero'
     flagPrimerNumero = ingresarNumero(&numeroUno);
                        ^~~~~~~~~~~~~~
In file included from ..\src\tp1.c:15:0:
..\src\input.h:10:5: note: declared here
 int ingresarNumero(char mensaje[], float*pNumero);
     ^~~~~~~~~~~~~~
..\src\tp1.c:49:40: warning: passing argument 1 of 'ingresarNumero' from incompatible pointer type [-Wincompatible-pointer-types]
     flagSegundoNumero = ingresarNumero(&numeroDos);
                                        ^
In file included from ..\src\tp1.c:15:0:
..\src\input.h:10:5: note: expected 'char *' but argument is of type 'float *'
 int ingresarNumero(char mensaje[], float*pNumero);
     ^~~~~~~~~~~~~~
..\src\tp1.c:49:25: error: too few arguments to function 'ingresarNumero'
     flagSegundoNumero = ingresarNumero(&numeroDos);
                         ^~~~~~~~~~~~~~
In file included from ..\src\tp1.c:15:0:
..\src\input.h:10:5: note: declared here
 int ingresarNumero(char mensaje[], float*pNumero);
     ^~~~~~~~~~~~~~
00:27:05 **** Incremental Build of configuration Debug for project tp1 ****
Info: Internal Builder is used for build
gcc -O0 -g3 -Wall -c -fmessage-length=0 -o "src\\tp1.o" "..\\src\\tp1.c" 
..\src\tp1.c: In function 'main':
..\src\tp1.c:46:39: warning: passing argument 1 of 'ingresarNumero' from incompatible pointer type [-Wincompatible-pointer-types]
     flagPrimerNumero = ingresarNumero(&numeroUno);
                                       ^
In file included from ..\src\tp1.c:15:0:
..\src\input.h:10:5: note: expected 'char *' but argument is of type 'float *'
 int ingresarNumero(char mensaje[], float*pNumero);
     ^~~~~~~~~~~~~~
..\src\tp1.c:46:24: error: too few arguments to function 'ingresarNumero'
     flagPrimerNumero = ingresarNumero(&numeroUno);
                        ^~~~~~~~~~~~~~
In file included from ..\src\tp1.c:15:0:
..\src\input.h:10:5: note: declared here
 int ingresarNumero(char mensaje[], float*pNumero);
     ^~~~~~~~~~~~~~
..\src\tp1.c:49:40: warning: passing argument 1 of 'ingresarNumero' from incompatible pointer type [-Wincompatible-pointer-types]
     flagSegundoNumero = ingresarNumero(&numeroDos);
                                        ^
In file included from ..\src\tp1.c:15:0:
..\src\input.h:10:5: note: expected 'char *' but argument is of type 'float *'
 int ingresarNumero(char mensaje[], float*pNumero);
     ^~~~~~~~~~~~~~
..\src\tp1.c:49:25: error: too few arguments to function 'ingresarNumero'
     flagSegundoNumero = ingresarNumero(&numeroDos);
                         ^~~~~~~~~~~~~~
In file included from ..\src\tp1.c:15:0:
..\src\input.h:10:5: note: declared here
 int ingresarNumero(char mensaje[], float*pNumero);
     ^~~~~~~~~~~~~~
00:27:31 **** Incremental Build of configuration Debug for project tp1 ****
Info: Internal Builder is used for build
gcc -O0 -g3 -Wall -c -fmessage-length=0 -o "src\\input.o" "..\\src\\input.c" 
..\src\input.c: In function 'ingresarNumero':
..\src\input.c:15:11: warning: format '%f' expects argument of type 'float *', but argument 2 has type 'float **' [-Wformat=]
   scanf("%f",&pNumero);
           ^
gcc -O0 -g3 -Wall -c -fmessage-length=0 -o "src\\operaciones.o" "..\\src\\operaciones.c" 
gcc -O0 -g3 -Wall -c -fmessage-length=0 -o "src\\tp1.o" "..\\src\\tp1.c" 
..\src\tp1.c: In function 'main':
..\src\tp1.c:46:39: warning: passing argument 1 of 'ingresarNumero' from incompatible pointer type [-Wincompatible-pointer-types]
     flagPrimerNumero = ingresarNumero(&numeroUno);
                                       ^
In file included from ..\src\tp1.c:15:0:
..\src\input.h:10:5: note: expected 'char *' but argument is of type 'float *'
 int ingresarNumero(char mensaje[], float*pNumero);
     ^~~~~~~~~~~~~~
..\src\tp1.c:46:24: error: too few arguments to function 'ingresarNumero'
     flagPrimerNumero = ingresarNumero(&numeroUno);
                        ^~~~~~~~~~~~~~
In file included from ..\src\tp1.c:15:0:
..\src\input.h:10:5: note: declared here
 int ingresarNumero(char mensaje[], float*pNumero);
     ^~~~~~~~~~~~~~
..\src\tp1.c:49:40: warning: passing argument 1 of 'ingresarNumero' from incompatible pointer type [-Wincompatible-pointer-types]
     flagSegundoNumero = ingresarNumero(&numeroDos);
                                        ^
In file included from ..\src\tp1.c:15:0:
..\src\input.h:10:5: note: expected 'char *' but argument is of type 'float *'
 int ingresarNumero(char mensaje[], float*pNumero);
     ^~~~~~~~~~~~~~
..\src\tp1.c:49:25: error: too few arguments to function 'ingresarNumero'
     flagSegundoNumero = ingresarNumero(&numeroDos);
                         ^~~~~~~~~~~~~~
In file included from ..\src\tp1.c:15:0:
..\src\input.h:10:5: note: declared here
 int ingresarNumero(char mensaje[], float*pNumero);
     ^~~~~~~~~~~~~~
00:27:33 **** Incremental Build of configuration Debug for project tp1 ****
Info: Internal Builder is used for build
gcc -O0 -g3 -Wall -c -fmessage-length=0 -o "src\\tp1.o" "..\\src\\tp1.c" 
..\src\tp1.c: In function 'main':
..\src\tp1.c:46:39: warning: passing argument 1 of 'ingresarNumero' from incompatible pointer type [-Wincompatible-pointer-types]
     flagPrimerNumero = ingresarNumero(&numeroUno);
                                       ^
In file included from ..\src\tp1.c:15:0:
..\src\input.h:10:5: note: expected 'char *' but argument is of type 'float *'
 int ingresarNumero(char mensaje[], float*pNumero);
     ^~~~~~~~~~~~~~
..\src\tp1.c:46:24: error: too few arguments to function 'ingresarNumero'
     flagPrimerNumero = ingresarNumero(&numeroUno);
                        ^~~~~~~~~~~~~~
In file included from ..\src\tp1.c:15:0:
..\src\input.h:10:5: note: declared here
 int ingresarNumero(char mensaje[], float*pNumero);
     ^~~~~~~~~~~~~~
..\src\tp1.c:49:40: warning: passing argument 1 of 'ingresarNumero' from incompatible pointer type [-Wincompatible-pointer-types]
     flagSegundoNumero = ingresarNumero(&numeroDos);
                                        ^
In file included from ..\src\tp1.c:15:0:
..\src\input.h:10:5: note: expected 'char *' but argument is of type 'float *'
 int ingresarNumero(char mensaje[], float*pNumero);
     ^~~~~~~~~~~~~~
..\src\tp1.c:49:25: error: too few arguments to function 'ingresarNumero'
     flagSegundoNumero = ingresarNumero(&numeroDos);
                         ^~~~~~~~~~~~~~
In file included from ..\src\tp1.c:15:0:
..\src\input.h:10:5: note: declared here
 int ingresarNumero(char mensaje[], float*pNumero);
     ^~~~~~~~~~~~~~
00:27:37 **** Incremental Build of configuration Debug for project tp1 ****
Info: Internal Builder is used for build
gcc -O0 -g3 -Wall -c -fmessage-length=0 -o "src\\tp1.o" "..\\src\\tp1.c" 
..\src\tp1.c: In function 'main':
..\src\tp1.c:46:39: warning: passing argument 1 of 'ingresarNumero' from incompatible pointer type [-Wincompatible-pointer-types]
     flagPrimerNumero = ingresarNumero(&numeroUno);
                                       ^
In file included from ..\src\tp1.c:15:0:
..\src\input.h:10:5: note: expected 'char *' but argument is of type 'float *'
 int ingresarNumero(char mensaje[], float*pNumero);
     ^~~~~~~~~~~~~~
..\src\tp1.c:46:24: error: too few arguments to function 'ingresarNumero'
     flagPrimerNumero = ingresarNumero(&numeroUno);
                        ^~~~~~~~~~~~~~
In file included from ..\src\tp1.c:15:0:
..\src\input.h:10:5: note: declared here
 int ingresarNumero(char mensaje[], float*pNumero);
     ^~~~~~~~~~~~~~
..\src\tp1.c:49:40: warning: passing argument 1 of 'ingresarNumero' from incompatible pointer type [-Wincompatible-pointer-types]
     flagSegundoNumero = ingresarNumero(&numeroDos);
                                        ^
In file included from ..\src\tp1.c:15:0:
..\src\input.h:10:5: note: expected 'char *' but argument is of type 'float *'
 int ingresarNumero(char mensaje[], float*pNumero);
     ^~~~~~~~~~~~~~
..\src\tp1.c:49:25: error: too few arguments to function 'ingresarNumero'
     flagSegundoNumero = ingresarNumero(&numeroDos);
                         ^~~~~~~~~~~~~~
In file included from ..\src\tp1.c:15:0:
..\src\input.h:10:5: note: declared here
 int ingresarNumero(char mensaje[], float*pNumero);
     ^~~~~~~~~~~~~~
00:27:39 **** Incremental Build of configuration Debug for project tp1 ****
Info: Internal Builder is used for build
gcc -O0 -g3 -Wall -c -fmessage-length=0 -o "src\\tp1.o" "..\\src\\tp1.c" 
..\src\tp1.c: In function 'main':
..\src\tp1.c:46:39: warning: passing argument 1 of 'ingresarNumero' from incompatible pointer type [-Wincompatible-pointer-types]
     flagPrimerNumero = ingresarNumero(&numeroUno);
                                       ^
In file included from ..\src\tp1.c:15:0:
..\src\input.h:10:5: note: expected 'char *' but argument is of type 'float *'
 int ingresarNumero(char mensaje[], float*pNumero);
     ^~~~~~~~~~~~~~
..\src\tp1.c:46:24: error: too few arguments to function 'ingresarNumero'
     flagPrimerNumero = ingresarNumero(&numeroUno);
                        ^~~~~~~~~~~~~~
In file included from ..\src\tp1.c:15:0:
..\src\input.h:10:5: note: declared here
 int ingresarNumero(char mensaje[], float*pNumero);
     ^~~~~~~~~~~~~~
..\src\tp1.c:49:40: warning: passing argument 1 of 'ingresarNumero' from incompatible pointer type [-Wincompatible-pointer-types]
     flagSegundoNumero = ingresarNumero(&numeroDos);
                                        ^
In file included from ..\src\tp1.c:15:0:
..\src\input.h:10:5: note: expected 'char *' but argument is of type 'float *'
 int ingresarNumero(char mensaje[], float*pNumero);
     ^~~~~~~~~~~~~~
..\src\tp1.c:49:25: error: too few arguments to function 'ingresarNumero'
     flagSegundoNumero = ingresarNumero(&numeroDos);
                         ^~~~~~~~~~~~~~
In file included from ..\src\tp1.c:15:0:
..\src\input.h:10:5: note: declared here
 int ingresarNumero(char mensaje[], float*pNumero);
     ^~~~~~~~~~~~~~
00:28:13 **** Incremental Build of configuration Debug for project tp1 ****
Info: Internal Builder is used for build
gcc -O0 -g3 -Wall -c -fmessage-length=0 -o "src\\tp1.o" "..\\src\\tp1.c" 
..\src\tp1.c: In function 'main':
..\src\tp1.c:46:39: warning: passing argument 1 of 'ingresarNumero' from incompatible pointer type [-Wincompatible-pointer-types]
     flagPrimerNumero = ingresarNumero(&numeroUno);
                                       ^
In file included from ..\src\tp1.c:15:0:
..\src\input.h:11:5: note: expected 'char *' but argument is of type 'float *'
 int ingresarNumero(char mensaje[], float*pNumero);
     ^~~~~~~~~~~~~~
..\src\tp1.c:46:24: error: too few arguments to function 'ingresarNumero'
     flagPrimerNumero = ingresarNumero(&numeroUno);
                        ^~~~~~~~~~~~~~
In file included from ..\src\tp1.c:15:0:
..\src\input.h:11:5: note: declared here
 int ingresarNumero(char mensaje[], float*pNumero);
     ^~~~~~~~~~~~~~
..\src\tp1.c:49:40: warning: passing argument 1 of 'ingresarNumero' from incompatible pointer type [-Wincompatible-pointer-types]
     flagSegundoNumero = ingresarNumero(&numeroDos);
                                        ^
In file included from ..\src\tp1.c:15:0:
..\src\input.h:11:5: note: expected 'char *' but argument is of type 'float *'
 int ingresarNumero(char mensaje[], float*pNumero);
     ^~~~~~~~~~~~~~
..\src\tp1.c:49:25: error: too few arguments to function 'ingresarNumero'
     flagSegundoNumero = ingresarNumero(&numeroDos);
                         ^~~~~~~~~~~~~~
In file included from ..\src\tp1.c:15:0:
..\src\input.h:11:5: note: declared here
 int ingresarNumero(char mensaje[], float*pNumero);
     ^~~~~~~~~~~~~~
00:30:39 **** Incremental Build of configuration Debug for project tp1 ****
Info: Internal Builder is used for build
gcc -O0 -g3 -Wall -c -fmessage-length=0 -o "src\\input.o" "..\\src\\input.c" 
gcc -O0 -g3 -Wall -c -fmessage-length=0 -o "src\\tp1.o" "..\\src\\tp1.c" 
gcc -o tp1.exe "src\\input.o" "src\\menu.o" "src\\operaciones.o" "src\\tp1.o" "src\\validaciones.o" 
Info: Nothing to build for tp1
00:32:49 **** Incremental Build of configuration Debug for project tp1 ****
Info: Internal Builder is used for build
gcc -O0 -g3 -Wall -c -fmessage-length=0 -o "src\\validaciones.o" "..\\src\\validaciones.c" 
..\src\validaciones.c: In function 'validarMenu':
..\src\validaciones.c:54:14: warning: implicit declaration of function 'ingresarNumero' [-Wimplicit-function-declaration]
     todoOk = ingresarNumero("Ingresa la opcion : del %d a %d",limiteInferior,limiteSuperior, &opcion);
              ^~~~~~~~~~~~~~
..\src\validaciones.c:53:9: warning: variable 'todoOk' set but not used [-Wunused-but-set-variable]
     int todoOk;
         ^~~~~~
gcc -o tp1.exe "src\\input.o" "src\\menu.o" "src\\operaciones.o" "src\\tp1.o" "src\\validaciones.o" 
00:33:43 **** Incremental Build of configuration Debug for project tp1 ****
Info: Internal Builder is used for build
gcc -O0 -g3 -Wall -c -fmessage-length=0 -o "src\\validaciones.o" "..\\src\\validaciones.c" 
..\src\validaciones.c: In function 'validarMenu':
..\src\validaciones.c:54:14: warning: implicit declaration of function 'ingresarNumero' [-Wimplicit-function-declaration]
     todoOk = ingresarNumero("Ingresa la opcion : del 1 al 5", &opcion);
              ^~~~~~~~~~~~~~
..\src\validaciones.c:57:16: warning: too many arguments for format [-Wformat-extra-args]
         printf("Error Ingresa la opcion : del 1 al 5 ",&opcion);
                ^~~~~~~~~~~~~~~~~~~~~~~~~~~~~~~~~~~~~~~
..\src\validaciones.c:53:9: warning: variable 'todoOk' set but not used [-Wunused-but-set-variable]
     int todoOk;
         ^~~~~~
gcc -o tp1.exe "src\\input.o" "src\\menu.o" "src\\operaciones.o" "src\\tp1.o" "src\\validaciones.o" 
Info: Nothing to build for tp1
00:34:00 **** Incremental Build of configuration Debug for project tp1 ****
Info: Internal Builder is used for build
gcc -O0 -g3 -Wall -c -fmessage-length=0 -o "src\\validaciones.o" "..\\src\\validaciones.c" 
..\src\validaciones.c: In function 'validarMenu':
..\src\validaciones.c:54:14: warning: implicit declaration of function 'ingresarNumero' [-Wimplicit-function-declaration]
     todoOk = ingresarNumero("Ingresa la opcion : del %d a %d", &opcion);
              ^~~~~~~~~~~~~~
..\src\validaciones.c:53:9: warning: variable 'todoOk' set but not used [-Wunused-but-set-variable]
     int todoOk;
         ^~~~~~
gcc -o tp1.exe "src\\input.o" "src\\menu.o" "src\\operaciones.o" "src\\tp1.o" "src\\validaciones.o" 
00:34:18 **** Incremental Build of configuration Debug for project tp1 ****
Info: Internal Builder is used for build
gcc -O0 -g3 -Wall -c -fmessage-length=0 -o "src\\validaciones.o" "..\\src\\validaciones.c" 
..\src\validaciones.c: In function 'validarMenu':
..\src\validaciones.c:54:14: warning: implicit declaration of function 'ingresarNumero' [-Wimplicit-function-declaration]
     todoOk = ingresarNumero("Ingresa la opcion : del %d a %d", &opcion);
              ^~~~~~~~~~~~~~
..\src\validaciones.c:57:48: warning: format '%d' expects argument of type 'int', but argument 2 has type 'int *' [-Wformat=]
         printf("Error Ingresa la opcion : del %d a %d ",&opcion);
                                                ^
..\src\validaciones.c:57:53: warning: format '%d' expects a matching 'int' argument [-Wformat=]
         printf("Error Ingresa la opcion : del %d a %d ",&opcion);
                                                     ^
..\src\validaciones.c:53:9: warning: variable 'todoOk' set but not used [-Wunused-but-set-variable]
     int todoOk;
         ^~~~~~
gcc -o tp1.exe "src\\input.o" "src\\menu.o" "src\\operaciones.o" "src\\tp1.o" "src\\validaciones.o" 
00:34:46 **** Incremental Build of configuration Debug for project tp1 ****
Info: Internal Builder is used for build
gcc -O0 -g3 -Wall -c -fmessage-length=0 -o "src\\validaciones.o" "..\\src\\validaciones.c" 
..\src\validaciones.c: In function 'validarMenu':
..\src\validaciones.c:55:64: warning: passing argument 2 of 'ingresarNumero' from incompatible pointer type [-Wincompatible-pointer-types]
     todoOk = ingresarNumero("Ingresa la opcion : del %d a %d", &opcion);
                                                                ^
In file included from ..\src\validaciones.c:8:0:
..\src\input.h:11:5: note: expected 'float *' but argument is of type 'int *'
 int ingresarNumero(char mensaje[], float*pNumero);
     ^~~~~~~~~~~~~~
..\src\validaciones.c:58:48: warning: format '%d' expects argument of type 'int', but argument 2 has type 'int *' [-Wformat=]
         printf("Error Ingresa la opcion : del %d a %d ",&opcion);
                                                ^
..\src\validaciones.c:58:53: warning: format '%d' expects a matching 'int' argument [-Wformat=]
         printf("Error Ingresa la opcion : del %d a %d ",&opcion);
                                                     ^
..\src\validaciones.c:54:9: warning: variable 'todoOk' set but not used [-Wunused-but-set-variable]
     int todoOk;
         ^~~~~~
gcc -o tp1.exe "src\\input.o" "src\\menu.o" "src\\operaciones.o" "src\\tp1.o" "src\\validaciones.o" 
00:35:33 **** Incremental Build of configuration Debug for project tp1 ****
Info: Internal Builder is used for build
gcc -O0 -g3 -Wall -c -fmessage-length=0 -o "src\\validaciones.o" "..\\src\\validaciones.c" 
..\src\validaciones.c: In function 'validarMenu':
..\src\validaciones.c:55:56: warning: passing argument 2 of 'ingresarNumero' from incompatible pointer type [-Wincompatible-pointer-types]
     todoOk = ingresarNumero("Ingresa la opcion : del", &opcion);
                                                        ^
In file included from ..\src\validaciones.c:8:0:
..\src\input.h:11:5: note: expected 'float *' but argument is of type 'int *'
 int ingresarNumero(char mensaje[], float*pNumero);
     ^~~~~~~~~~~~~~
..\src\validaciones.c:58:16: warning: too many arguments for format [-Wformat-extra-args]
         printf("Error Ingresa la opcion : del ",&opcion);
                ^~~~~~~~~~~~~~~~~~~~~~~~~~~~~~~~
..\src\validaciones.c:54:9: warning: variable 'todoOk' set but not used [-Wunused-but-set-variable]
     int todoOk;
         ^~~~~~
gcc -o tp1.exe "src\\input.o" "src\\menu.o" "src\\operaciones.o" "src\\tp1.o" "src\\validaciones.o" 
Info: Nothing to build for tp1
00:36:04 **** Incremental Build of configuration Debug for project tp1 ****
Info: Internal Builder is used for build
gcc -O0 -g3 -Wall -c -fmessage-length=0 -o "src\\validaciones.o" "..\\src\\validaciones.c" 
..\src\validaciones.c: In function 'validarMenu':
..\src\validaciones.c:55:56: warning: passing argument 2 of 'ingresarNumero' from incompatible pointer type [-Wincompatible-pointer-types]
     todoOk = ingresarNumero("Ingresa la opcion : del", &opcion);
                                                        ^
In file included from ..\src\validaciones.c:8:0:
..\src\input.h:11:5: note: expected 'float *' but argument is of type 'int *'
 int ingresarNumero(char mensaje[], float*pNumero);
     ^~~~~~~~~~~~~~
..\src\validaciones.c:58:57: warning: passing argument 2 of 'ingresarNumero' from incompatible pointer type [-Wincompatible-pointer-types]
      todoOk = ingresarNumero("Ingresa la opcion : del", &opcion);
                                                         ^
In file included from ..\src\validaciones.c:8:0:
..\src\input.h:11:5: note: expected 'float *' but argument is of type 'int *'
 int ingresarNumero(char mensaje[], float*pNumero);
     ^~~~~~~~~~~~~~
..\src\validaciones.c:54:9: warning: variable 'todoOk' set but not used [-Wunused-but-set-variable]
     int todoOk;
         ^~~~~~
gcc -o tp1.exe "src\\input.o" "src\\menu.o" "src\\operaciones.o" "src\\tp1.o" "src\\validaciones.o" 
00:36:17 **** Incremental Build of configuration Debug for project tp1 ****
Info: Internal Builder is used for build
gcc -O0 -g3 -Wall -c -fmessage-length=0 -o "src\\validaciones.o" "..\\src\\validaciones.c" 
..\src\validaciones.c: In function 'validarMenu':
..\src\validaciones.c:55:56: warning: passing argument 2 of 'ingresarNumero' from incompatible pointer type [-Wincompatible-pointer-types]
     todoOk = ingresarNumero("Ingresa la opcion : del", &opcion);
                                                        ^
In file included from ..\src\validaciones.c:8:0:
..\src\input.h:11:5: note: expected 'float *' but argument is of type 'int *'
 int ingresarNumero(char mensaje[], float*pNumero);
     ^~~~~~~~~~~~~~
..\src\validaciones.c:58:57: warning: passing argument 2 of 'ingresarNumero' from incompatible pointer type [-Wincompatible-pointer-types]
      todoOk = ingresarNumero("Ingresa la opcion : del", &opcion);
                                                         ^
In file included from ..\src\validaciones.c:8:0:
..\src\input.h:11:5: note: expected 'float *' but argument is of type 'int *'
 int ingresarNumero(char mensaje[], float*pNumero);
     ^~~~~~~~~~~~~~
..\src\validaciones.c:54:9: warning: variable 'todoOk' set but not used [-Wunused-but-set-variable]
     int todoOk;
         ^~~~~~
gcc -o tp1.exe "src\\input.o" "src\\menu.o" "src\\operaciones.o" "src\\tp1.o" "src\\validaciones.o" 
00:38:01 **** Incremental Build of configuration Debug for project tp1 ****
Info: Internal Builder is used for build
gcc -O0 -g3 -Wall -c -fmessage-length=0 -o "src\\validaciones.o" "..\\src\\validaciones.c" 
..\src\validaciones.c: In function 'validarMenu':
..\src\validaciones.c:58:10: warning: too many arguments for format [-Wformat-extra-args]
   printf("Error.Elegi una opcion del %d al \n",limiteInferior, limiteSuperior);
          ^~~~~~~~~~~~~~~~~~~~~~~~~~~~~~~~~~~~~
gcc -o tp1.exe "src\\input.o" "src\\menu.o" "src\\operaciones.o" "src\\tp1.o" "src\\validaciones.o" 
Info: Nothing to build for tp1
Info: Nothing to build for tp1
00:38:35 **** Incremental Build of configuration Debug for project tp1 ****
Info: Internal Builder is used for build
gcc -O0 -g3 -Wall -c -fmessage-length=0 -o "src\\validaciones.o" "..\\src\\validaciones.c" 
gcc -o tp1.exe "src\\input.o" "src\\menu.o" "src\\operaciones.o" "src\\tp1.o" "src\\validaciones.o" 
Info: Nothing to build for tp1
Info: Nothing to build for tp1
00:43:59 **** Incremental Build of configuration Debug for project tp1 ****
Info: Internal Builder is used for build
gcc -O0 -g3 -Wall -c -fmessage-length=0 -o "src\\operaciones.o" "..\\src\\operaciones.c" 
gcc -o tp1.exe "src\\input.o" "src\\menu.o" "src\\operaciones.o" "src\\tp1.o" "src\\validaciones.o" 
00:45:55 **** Incremental Build of configuration Debug for project tp1 ****
Info: Internal Builder is used for build
gcc -O0 -g3 -Wall -c -fmessage-length=0 -o "src\\operaciones.o" "..\\src\\operaciones.c" 
gcc -o tp1.exe "src\\input.o" "src\\menu.o" "src\\operaciones.o" "src\\tp1.o" "src\\validaciones.o" 
c:/mingw/bin/../lib/gcc/mingw32/6.3.0/../../../../mingw32/bin/ld.exe: cannot open output file tp1.exe: Permission denied
collect2.exe: error: ld returned 1 exit status
00:45:57 **** Incremental Build of configuration Debug for project tp1 ****
Info: Internal Builder is used for build
gcc -o tp1.exe "src\\input.o" "src\\menu.o" "src\\operaciones.o" "src\\tp1.o" "src\\validaciones.o" 
Info: Nothing to build for tp1
Info: Nothing to build for tp1
00:50:21 **** Incremental Build of configuration Debug for project tp1 ****
Info: Internal Builder is used for build
gcc -O0 -g3 -Wall -c -fmessage-length=0 -o "src\\menu.o" "..\\src\\menu.c" 
gcc -o tp1.exe "src\\input.o" "src\\menu.o" "src\\operaciones.o" "src\\tp1.o" "src\\validaciones.o" 
c:/mingw/bin/../lib/gcc/mingw32/6.3.0/../../../../mingw32/bin/ld.exe: cannot open output file tp1.exe: Permission denied
collect2.exe: error: ld returned 1 exit status
00:50:23 **** Incremental Build of configuration Debug for project tp1 ****
Info: Internal Builder is used for build
gcc -o tp1.exe "src\\input.o" "src\\menu.o" "src\\operaciones.o" "src\\tp1.o" "src\\validaciones.o" 
Info: Nothing to build for tp1
Info: Nothing to build for tp1
Info: Nothing to build for tp1
Info: Nothing to build for tp1
Info: Nothing to build for tp1
Info: Nothing to build for tp1
Info: Nothing to build for tp1
Info: Nothing to build for tp1
00:53:59 **** Incremental Build of configuration Debug for project tp1 ****
Info: Internal Builder is used for build
gcc -O0 -g3 -Wall -c -fmessage-length=0 -o "src\\tp1.o" "..\\src\\tp1.c" 
gcc -o tp1.exe "src\\input.o" "src\\menu.o" "src\\operaciones.o" "src\\tp1.o" "src\\validaciones.o" 
Info: Nothing to build for tp1
00:54:17 **** Incremental Build of configuration Debug for project tp1 ****
Info: Internal Builder is used for build
gcc -O0 -g3 -Wall -c -fmessage-length=0 -o "src\\tp1.o" "..\\src\\tp1.c" 
gcc -o tp1.exe "src\\input.o" "src\\menu.o" "src\\operaciones.o" "src\\tp1.o" "src\\validaciones.o" 
c:/mingw/bin/../lib/gcc/mingw32/6.3.0/../../../../mingw32/bin/ld.exe: cannot open output file tp1.exe: Permission denied
collect2.exe: error: ld returned 1 exit status
01:03:27 **** Incremental Build of configuration Debug for project tp1 ****
Info: Internal Builder is used for build
gcc -O0 -g3 -Wall -c -fmessage-length=0 -o "src\\menu.o" "..\\src\\menu.c" 
..\src\menu.c: In function 'mostrarOpciones':
..\src\menu.c:19:2: warning: implicit declaration of function 'mostrarOperandos' [-Wimplicit-function-declaration]
  mostrarOperandos(int flag, float numero, char operador)
  ^~~~~~~~~~~~~~~~
..\src\menu.c:19:19: error: expected expression before 'int'
  mostrarOperandos(int flag, float numero, char operador)
                   ^~~
..\src\menu.c:20:5: error: expected ';' before 'printf'
     printf("1. Ingresar primer digito. \n");
     ^~~~~~
..\src\menu.c: At top level:
..\src\menu.c:67:6: warning: conflicting types for 'mostrarOperandos'
 void mostrarOperandos(int flag, float numero, char operador)
      ^~~~~~~~~~~~~~~~
..\src\menu.c:19:2: note: previous implicit declaration of 'mostrarOperandos' was here
  mostrarOperandos(int flag, float numero, char operador)
  ^~~~~~~~~~~~~~~~
..\src\menu.c: In function 'mostrarOperandos':
..\src\menu.c:76:10: warning: too many arguments for format [-Wformat-extra-args]
   printf("Operando %c = No tiene ningun valor\n",operador,numero);
          ^~~~~~~~~~~~~~~~~~~~~~~~~~~~~~~~~~~~~~~
01:03:34 **** Incremental Build of configuration Debug for project tp1 ****
Info: Internal Builder is used for build
gcc -O0 -g3 -Wall -c -fmessage-length=0 -o "src\\menu.o" "..\\src\\menu.c" 
..\src\menu.c: In function 'mostrarOpciones':
..\src\menu.c:19:2: warning: implicit declaration of function 'mostrarOperandos' [-Wimplicit-function-declaration]
  mostrarOperandos(int flag, float numero, char operador);
  ^~~~~~~~~~~~~~~~
..\src\menu.c:19:19: error: expected expression before 'int'
  mostrarOperandos(int flag, float numero, char operador);
                   ^~~
..\src\menu.c: At top level:
..\src\menu.c:67:6: warning: conflicting types for 'mostrarOperandos'
 void mostrarOperandos(int flag, float numero, char operador)
      ^~~~~~~~~~~~~~~~
..\src\menu.c:19:2: note: previous implicit declaration of 'mostrarOperandos' was here
  mostrarOperandos(int flag, float numero, char operador);
  ^~~~~~~~~~~~~~~~
..\src\menu.c: In function 'mostrarOperandos':
..\src\menu.c:76:10: warning: too many arguments for format [-Wformat-extra-args]
   printf("Operando %c = No tiene ningun valor\n",operador,numero);
          ^~~~~~~~~~~~~~~~~~~~~~~~~~~~~~~~~~~~~~~
01:03:45 **** Incremental Build of configuration Debug for project tp1 ****
Info: Internal Builder is used for build
gcc -O0 -g3 -Wall -c -fmessage-length=0 -o "src\\menu.o" "..\\src\\menu.c" 
..\src\menu.c: In function 'mostrarOpciones':
..\src\menu.c:19:2: warning: implicit declaration of function 'mostrarOperandos' [-Wimplicit-function-declaration]
  mostrarOperandos(int flag, float numero, char operador);
  ^~~~~~~~~~~~~~~~
..\src\menu.c:19:19: error: expected expression before 'int'
  mostrarOperandos(int flag, float numero, char operador);
                   ^~~
..\src\menu.c: At top level:
..\src\menu.c:67:6: warning: conflicting types for 'mostrarOperandos'
 void mostrarOperandos(int flag, float numero, char operador)
      ^~~~~~~~~~~~~~~~
..\src\menu.c:19:2: note: previous implicit declaration of 'mostrarOperandos' was here
  mostrarOperandos(int flag, float numero, char operador);
  ^~~~~~~~~~~~~~~~
..\src\menu.c: In function 'mostrarOperandos':
..\src\menu.c:76:10: warning: too many arguments for format [-Wformat-extra-args]
   printf("Operando %c = No tiene ningun valor\n",operador,numero);
          ^~~~~~~~~~~~~~~~~~~~~~~~~~~~~~~~~~~~~~~
01:03:46 **** Incremental Build of configuration Debug for project tp1 ****
Info: Internal Builder is used for build
gcc -O0 -g3 -Wall -c -fmessage-length=0 -o "src\\menu.o" "..\\src\\menu.c" 
..\src\menu.c: In function 'mostrarOpciones':
..\src\menu.c:19:2: warning: implicit declaration of function 'mostrarOperandos' [-Wimplicit-function-declaration]
  mostrarOperandos(int flag, float numero, char operador);
  ^~~~~~~~~~~~~~~~
..\src\menu.c:19:19: error: expected expression before 'int'
  mostrarOperandos(int flag, float numero, char operador);
                   ^~~
..\src\menu.c: At top level:
..\src\menu.c:67:6: warning: conflicting types for 'mostrarOperandos'
 void mostrarOperandos(int flag, float numero, char operador)
      ^~~~~~~~~~~~~~~~
..\src\menu.c:19:2: note: previous implicit declaration of 'mostrarOperandos' was here
  mostrarOperandos(int flag, float numero, char operador);
  ^~~~~~~~~~~~~~~~
..\src\menu.c: In function 'mostrarOperandos':
..\src\menu.c:76:10: warning: too many arguments for format [-Wformat-extra-args]
   printf("Operando %c = No tiene ningun valor\n",operador,numero);
          ^~~~~~~~~~~~~~~~~~~~~~~~~~~~~~~~~~~~~~~
01:04:02 **** Incremental Build of configuration Debug for project tp1 ****
Info: Internal Builder is used for build
gcc -O0 -g3 -Wall -c -fmessage-length=0 -o "src\\tp1.o" "..\\src\\tp1.c" 
..\src\tp1.c: In function 'mostrarOpciones':
..\src\tp1.c:18:16: error: expected '=', ',', ';', 'asm' or '__attribute__' before '{' token
 int main(void) {
                ^
In file included from ..\src\tp1.c:14:0:
..\src\menu.h:11:6: error: old-style parameter declarations in prototyped function definition
 void mostrarOpciones(int flagA , int flagB, float numeroUno, float numeroDos, char operador)
      ^~~~~~~~~~~~~~~
..\src\tp1.c:102:1: error: expected '{' at end of input
 }
 ^
01:04:03 **** Incremental Build of configuration Debug for project tp1 ****
Info: Internal Builder is used for build
gcc -O0 -g3 -Wall -c -fmessage-length=0 -o "src\\tp1.o" "..\\src\\tp1.c" 
..\src\tp1.c: In function 'mostrarOpciones':
..\src\tp1.c:18:16: error: expected '=', ',', ';', 'asm' or '__attribute__' before '{' token
 int main(void) {
                ^
In file included from ..\src\tp1.c:14:0:
..\src\menu.h:11:6: error: old-style parameter declarations in prototyped function definition
 void mostrarOpciones(int flagA , int flagB, float numeroUno, float numeroDos, char operador)
      ^~~~~~~~~~~~~~~
..\src\tp1.c:102:1: error: expected '{' at end of input
 }
 ^
01:04:11 **** Incremental Build of configuration Debug for project tp1 ****
Info: Internal Builder is used for build
gcc -O0 -g3 -Wall -c -fmessage-length=0 -o "src\\menu.o" "..\\src\\menu.c" 
..\src\menu.c: In function 'mostrarOpciones':
..\src\menu.c:19:2: warning: implicit declaration of function 'mostrarOperandos' [-Wimplicit-function-declaration]
  mostrarOperandos(int flag, float numero, char operador);
  ^~~~~~~~~~~~~~~~
..\src\menu.c:19:19: error: expected expression before 'int'
  mostrarOperandos(int flag, float numero, char operador);
                   ^~~
..\src\menu.c: At top level:
..\src\menu.c:67:6: warning: conflicting types for 'mostrarOperandos'
 void mostrarOperandos(int flag, float numero, char operador)
      ^~~~~~~~~~~~~~~~
..\src\menu.c:19:2: note: previous implicit declaration of 'mostrarOperandos' was here
  mostrarOperandos(int flag, float numero, char operador);
  ^~~~~~~~~~~~~~~~
..\src\menu.c: In function 'mostrarOperandos':
..\src\menu.c:76:10: warning: too many arguments for format [-Wformat-extra-args]
   printf("Operando %c = No tiene ningun valor\n",operador,numero);
          ^~~~~~~~~~~~~~~~~~~~~~~~~~~~~~~~~~~~~~~
01:04:12 **** Incremental Build of configuration Debug for project tp1 ****
Info: Internal Builder is used for build
gcc -O0 -g3 -Wall -c -fmessage-length=0 -o "src\\menu.o" "..\\src\\menu.c" 
..\src\menu.c: In function 'mostrarOpciones':
..\src\menu.c:19:2: warning: implicit declaration of function 'mostrarOperandos' [-Wimplicit-function-declaration]
  mostrarOperandos(int flag, float numero, char operador);
  ^~~~~~~~~~~~~~~~
..\src\menu.c:19:19: error: expected expression before 'int'
  mostrarOperandos(int flag, float numero, char operador);
                   ^~~
..\src\menu.c: At top level:
..\src\menu.c:67:6: warning: conflicting types for 'mostrarOperandos'
 void mostrarOperandos(int flag, float numero, char operador)
      ^~~~~~~~~~~~~~~~
..\src\menu.c:19:2: note: previous implicit declaration of 'mostrarOperandos' was here
  mostrarOperandos(int flag, float numero, char operador);
  ^~~~~~~~~~~~~~~~
..\src\menu.c: In function 'mostrarOperandos':
..\src\menu.c:76:10: warning: too many arguments for format [-Wformat-extra-args]
   printf("Operando %c = No tiene ningun valor\n",operador,numero);
          ^~~~~~~~~~~~~~~~~~~~~~~~~~~~~~~~~~~~~~~
01:04:29 **** Incremental Build of configuration Debug for project tp1 ****
Info: Internal Builder is used for build
gcc -O0 -g3 -Wall -c -fmessage-length=0 -o "src\\tp1.o" "..\\src\\tp1.c" 
gcc -O0 -g3 -Wall -c -fmessage-length=0 -o "src\\menu.o" "..\\src\\menu.c" 
..\src\menu.c: In function 'mostrarOpciones':
..\src\menu.c:19:2: warning: implicit declaration of function 'mostrarOperandos' [-Wimplicit-function-declaration]
  mostrarOperandos(int flag, float numero, char operador);
  ^~~~~~~~~~~~~~~~
..\src\menu.c:19:19: error: expected expression before 'int'
  mostrarOperandos(int flag, float numero, char operador);
                   ^~~
..\src\menu.c: At top level:
..\src\menu.c:67:6: warning: conflicting types for 'mostrarOperandos'
 void mostrarOperandos(int flag, float numero, char operador)
      ^~~~~~~~~~~~~~~~
..\src\menu.c:19:2: note: previous implicit declaration of 'mostrarOperandos' was here
  mostrarOperandos(int flag, float numero, char operador);
  ^~~~~~~~~~~~~~~~
..\src\menu.c: In function 'mostrarOperandos':
..\src\menu.c:76:10: warning: too many arguments for format [-Wformat-extra-args]
   printf("Operando %c = No tiene ningun valor\n",operador,numero);
          ^~~~~~~~~~~~~~~~~~~~~~~~~~~~~~~~~~~~~~~
01:04:31 **** Incremental Build of configuration Debug for project tp1 ****
Info: Internal Builder is used for build
gcc -O0 -g3 -Wall -c -fmessage-length=0 -o "src\\menu.o" "..\\src\\menu.c" 
..\src\menu.c: In function 'mostrarOpciones':
..\src\menu.c:19:2: warning: implicit declaration of function 'mostrarOperandos' [-Wimplicit-function-declaration]
  mostrarOperandos(int flag, float numero, char operador);
  ^~~~~~~~~~~~~~~~
..\src\menu.c:19:19: error: expected expression before 'int'
  mostrarOperandos(int flag, float numero, char operador);
                   ^~~
..\src\menu.c: At top level:
..\src\menu.c:67:6: warning: conflicting types for 'mostrarOperandos'
 void mostrarOperandos(int flag, float numero, char operador)
      ^~~~~~~~~~~~~~~~
..\src\menu.c:19:2: note: previous implicit declaration of 'mostrarOperandos' was here
  mostrarOperandos(int flag, float numero, char operador);
  ^~~~~~~~~~~~~~~~
..\src\menu.c: In function 'mostrarOperandos':
..\src\menu.c:76:10: warning: too many arguments for format [-Wformat-extra-args]
   printf("Operando %c = No tiene ningun valor\n",operador,numero);
          ^~~~~~~~~~~~~~~~~~~~~~~~~~~~~~~~~~~~~~~
01:04:54 **** Incremental Build of configuration Debug for project tp1 ****
Info: Internal Builder is used for build
gcc -O0 -g3 -Wall -c -fmessage-length=0 -o "src\\menu.o" "..\\src\\menu.c" 
..\src\menu.c: In function 'mostrarOpciones':
..\src\menu.c:19:2: warning: implicit declaration of function 'mostrarOperandos' [-Wimplicit-function-declaration]
  mostrarOperandos();
  ^~~~~~~~~~~~~~~~
..\src\menu.c: At top level:
..\src\menu.c:67:6: warning: conflicting types for 'mostrarOperandos'
 void mostrarOperandos(int flag, float numero, char operador)
      ^~~~~~~~~~~~~~~~
..\src\menu.c:19:2: note: previous implicit declaration of 'mostrarOperandos' was here
  mostrarOperandos();
  ^~~~~~~~~~~~~~~~
..\src\menu.c: In function 'mostrarOperandos':
..\src\menu.c:76:10: warning: too many arguments for format [-Wformat-extra-args]
   printf("Operando %c = No tiene ningun valor\n",operador,numero);
          ^~~~~~~~~~~~~~~~~~~~~~~~~~~~~~~~~~~~~~~
gcc -o tp1.exe "src\\input.o" "src\\menu.o" "src\\operaciones.o" "src\\tp1.o" "src\\validaciones.o" 
01:04:59 **** Incremental Build of configuration Debug for project tp1 ****
Info: Internal Builder is used for build
gcc -O0 -g3 -Wall -c -fmessage-length=0 -o "src\\menu.o" "..\\src\\menu.c" 
..\src\menu.c: In function 'mostrarOperandos':
..\src\menu.c:75:10: warning: too many arguments for format [-Wformat-extra-args]
   printf("Operando %c = No tiene ningun valor\n",operador,numero);
          ^~~~~~~~~~~~~~~~~~~~~~~~~~~~~~~~~~~~~~~
gcc -o tp1.exe "src\\input.o" "src\\menu.o" "src\\operaciones.o" "src\\tp1.o" "src\\validaciones.o" 
Info: Nothing to build for tp1
Info: Nothing to build for tp1
01:05:45 **** Incremental Build of configuration Debug for project tp1 ****
Info: Internal Builder is used for build
gcc -O0 -g3 -Wall -c -fmessage-length=0 -o "src\\tp1.o" "..\\src\\tp1.c" 
gcc -o tp1.exe "src\\input.o" "src\\menu.o" "src\\operaciones.o" "src\\tp1.o" "src\\validaciones.o" 
01:06:54 **** Incremental Build of configuration Debug for project tp1 ****
Info: Internal Builder is used for build
gcc -O0 -g3 -Wall -c -fmessage-length=0 -o "src\\menu.o" "..\\src\\menu.c" 
..\src\menu.c: In function 'mostrarOpciones':
..\src\menu.c:20:5: warning: implicit declaration of function 'mostrarOperandos' [-Wimplicit-function-declaration]
     mostrarOperandos(flagA, numeroUno, operador)
     ^~~~~~~~~~~~~~~~
..\src\menu.c:21:5: error: expected ';' before 'printf'
     printf("2. Ingresar segundo digito.");
     ^~~~~~
..\src\menu.c:23:5: error: expected ';' before 'printf'
     printf("3. Calcular operaciones. \n");
     ^~~~~~
..\src\menu.c: At top level:
..\src\menu.c:68:6: warning: conflicting types for 'mostrarOperandos'
 void mostrarOperandos(int flag, float numero, char operador)
      ^~~~~~~~~~~~~~~~
..\src\menu.c:20:5: note: previous implicit declaration of 'mostrarOperandos' was here
     mostrarOperandos(flagA, numeroUno, operador)
     ^~~~~~~~~~~~~~~~
..\src\menu.c: In function 'mostrarOperandos':
..\src\menu.c:77:10: warning: too many arguments for format [-Wformat-extra-args]
   printf("Operando %c = No tiene ningun valor\n",operador,numero);
          ^~~~~~~~~~~~~~~~~~~~~~~~~~~~~~~~~~~~~~~
01:06:55 **** Incremental Build of configuration Debug for project tp1 ****
Info: Internal Builder is used for build
gcc -O0 -g3 -Wall -c -fmessage-length=0 -o "src\\menu.o" "..\\src\\menu.c" 
..\src\menu.c: In function 'mostrarOpciones':
..\src\menu.c:20:5: warning: implicit declaration of function 'mostrarOperandos' [-Wimplicit-function-declaration]
     mostrarOperandos(flagA, numeroUno, operador)
     ^~~~~~~~~~~~~~~~
..\src\menu.c:21:5: error: expected ';' before 'printf'
     printf("2. Ingresar segundo digito.");
     ^~~~~~
..\src\menu.c:23:5: error: expected ';' before 'printf'
     printf("3. Calcular operaciones. \n");
     ^~~~~~
..\src\menu.c: At top level:
..\src\menu.c:68:6: warning: conflicting types for 'mostrarOperandos'
 void mostrarOperandos(int flag, float numero, char operador)
      ^~~~~~~~~~~~~~~~
..\src\menu.c:20:5: note: previous implicit declaration of 'mostrarOperandos' was here
     mostrarOperandos(flagA, numeroUno, operador)
     ^~~~~~~~~~~~~~~~
..\src\menu.c: In function 'mostrarOperandos':
..\src\menu.c:77:10: warning: too many arguments for format [-Wformat-extra-args]
   printf("Operando %c = No tiene ningun valor\n",operador,numero);
          ^~~~~~~~~~~~~~~~~~~~~~~~~~~~~~~~~~~~~~~
01:07:05 **** Incremental Build of configuration Debug for project tp1 ****
Info: Internal Builder is used for build
gcc -O0 -g3 -Wall -c -fmessage-length=0 -o "src\\menu.o" "..\\src\\menu.c" 
..\src\menu.c: In function 'mostrarOpciones':
..\src\menu.c:20:5: warning: implicit declaration of function 'mostrarOperandos' [-Wimplicit-function-declaration]
     mostrarOperandos(flagA, numeroUno, operador);
     ^~~~~~~~~~~~~~~~
..\src\menu.c: At top level:
..\src\menu.c:68:6: warning: conflicting types for 'mostrarOperandos'
 void mostrarOperandos(int flag, float numero, char operador)
      ^~~~~~~~~~~~~~~~
..\src\menu.c:20:5: note: previous implicit declaration of 'mostrarOperandos' was here
     mostrarOperandos(flagA, numeroUno, operador);
     ^~~~~~~~~~~~~~~~
..\src\menu.c: In function 'mostrarOperandos':
..\src\menu.c:77:10: warning: too many arguments for format [-Wformat-extra-args]
   printf("Operando %c = No tiene ningun valor\n",operador,numero);
          ^~~~~~~~~~~~~~~~~~~~~~~~~~~~~~~~~~~~~~~
gcc -o tp1.exe "src\\input.o" "src\\menu.o" "src\\operaciones.o" "src\\tp1.o" "src\\validaciones.o" 
Info: Nothing to build for tp1
Info: Nothing to build for tp1
Info: Nothing to build for tp1
Info: Nothing to build for tp1
Info: Nothing to build for tp1
01:09:37 **** Incremental Build of configuration Debug for project tp1 ****
Info: Internal Builder is used for build
gcc -O0 -g3 -Wall -c -fmessage-length=0 -o "src\\menu.o" "..\\src\\menu.c" 
..\src\menu.c: In function 'mostrarOperandos':
..\src\menu.c:78:10: warning: too many arguments for format [-Wformat-extra-args]
   printf("Operando %c = No tiene ningun valor\n",operador,numero);
          ^~~~~~~~~~~~~~~~~~~~~~~~~~~~~~~~~~~~~~~
gcc -o tp1.exe "src\\input.o" "src\\menu.o" "src\\operaciones.o" "src\\tp1.o" "src\\validaciones.o" 
Info: Nothing to build for tp1
01:10:08 **** Incremental Build of configuration Debug for project tp1 ****
Info: Internal Builder is used for build
gcc -O0 -g3 -Wall -c -fmessage-length=0 -o "src\\menu.o" "..\\src\\menu.c" 
gcc -o tp1.exe "src\\input.o" "src\\menu.o" "src\\operaciones.o" "src\\tp1.o" "src\\validaciones.o" 
01:11:45 **** Incremental Build of configuration Debug for project tp1 ****
Info: Internal Builder is used for build
gcc -O0 -g3 -Wall -c -fmessage-length=0 -o "src\\menu.o" "..\\src\\menu.c" 
gcc -O0 -g3 -Wall -c -fmessage-length=0 -o "src\\tp1.o" "..\\src\\tp1.c" 
..\src\tp1.c: In function 'main':
..\src\tp1.c:40:78: error: 'operador' undeclared (first use in this function)
   mostrarOpciones(flagPrimerNumero , flagSegundoNumero, numeroUno, numeroDos,operador)
                                                                              ^~~~~~~~
..\src\tp1.c:40:78: note: each undeclared identifier is reported only once for each function it appears in
..\src\tp1.c:40:3: error: too few arguments to function 'mostrarOpciones'
   mostrarOpciones(flagPrimerNumero , flagSegundoNumero, numeroUno, numeroDos,operador)
   ^~~~~~~~~~~~~~~
In file included from ..\src\tp1.c:14:0:
..\src\menu.h:11:6: note: declared here
 void mostrarOpciones(int flagA , int flagB, float numeroUno, float numeroDos, char operadorA, char operadorB);
      ^~~~~~~~~~~~~~~
..\src\tp1.c:41:3: error: expected ';' before 'opcion'
   opcion = menu();
   ^~~~~~
01:11:46 **** Incremental Build of configuration Debug for project tp1 ****
Info: Internal Builder is used for build
gcc -O0 -g3 -Wall -c -fmessage-length=0 -o "src\\tp1.o" "..\\src\\tp1.c" 
..\src\tp1.c: In function 'main':
..\src\tp1.c:40:78: error: 'operador' undeclared (first use in this function)
   mostrarOpciones(flagPrimerNumero , flagSegundoNumero, numeroUno, numeroDos,operador)
                                                                              ^~~~~~~~
..\src\tp1.c:40:78: note: each undeclared identifier is reported only once for each function it appears in
..\src\tp1.c:40:3: error: too few arguments to function 'mostrarOpciones'
   mostrarOpciones(flagPrimerNumero , flagSegundoNumero, numeroUno, numeroDos,operador)
   ^~~~~~~~~~~~~~~
In file included from ..\src\tp1.c:14:0:
..\src\menu.h:11:6: note: declared here
 void mostrarOpciones(int flagA , int flagB, float numeroUno, float numeroDos, char operadorA, char operadorB);
      ^~~~~~~~~~~~~~~
..\src\tp1.c:41:3: error: expected ';' before 'opcion'
   opcion = menu();
   ^~~~~~
01:11:54 **** Incremental Build of configuration Debug for project tp1 ****
Info: Internal Builder is used for build
gcc -O0 -g3 -Wall -c -fmessage-length=0 -o "src\\tp1.o" "..\\src\\tp1.c" 
..\src\tp1.c: In function 'main':
..\src\tp1.c:40:78: error: 'operador' undeclared (first use in this function)
   mostrarOpciones(flagPrimerNumero , flagSegundoNumero, numeroUno, numeroDos,operador)
                                                                              ^~~~~~~~
..\src\tp1.c:40:78: note: each undeclared identifier is reported only once for each function it appears in
..\src\tp1.c:40:3: error: too few arguments to function 'mostrarOpciones'
   mostrarOpciones(flagPrimerNumero , flagSegundoNumero, numeroUno, numeroDos,operador)
   ^~~~~~~~~~~~~~~
In file included from ..\src\tp1.c:14:0:
..\src\menu.h:11:6: note: declared here
 void mostrarOpciones(int flagA , int flagB, float numeroUno, float numeroDos, char operadorA, char operadorB);
      ^~~~~~~~~~~~~~~
..\src\tp1.c:41:3: error: expected ';' before 'opcion'
   opcion = menu();
   ^~~~~~
01:11:57 **** Incremental Build of configuration Debug for project tp1 ****
Info: Internal Builder is used for build
gcc -O0 -g3 -Wall -c -fmessage-length=0 -o "src\\tp1.o" "..\\src\\tp1.c" 
..\src\tp1.c: In function 'main':
..\src\tp1.c:40:78: error: 'operador' undeclared (first use in this function)
   mostrarOpciones(flagPrimerNumero , flagSegundoNumero, numeroUno, numeroDos,operador)
                                                                              ^~~~~~~~
..\src\tp1.c:40:78: note: each undeclared identifier is reported only once for each function it appears in
..\src\tp1.c:40:3: error: too few arguments to function 'mostrarOpciones'
   mostrarOpciones(flagPrimerNumero , flagSegundoNumero, numeroUno, numeroDos,operador)
   ^~~~~~~~~~~~~~~
In file included from ..\src\tp1.c:14:0:
..\src\menu.h:11:6: note: declared here
 void mostrarOpciones(int flagA , int flagB, float numeroUno, float numeroDos, char operadorA, char operadorB);
      ^~~~~~~~~~~~~~~
..\src\tp1.c:41:3: error: expected ';' before 'opcion'
   opcion = menu();
   ^~~~~~
01:12:20 **** Incremental Build of configuration Debug for project tp1 ****
Info: Internal Builder is used for build
gcc -O0 -g3 -Wall -c -fmessage-length=0 -o "src\\tp1.o" "..\\src\\tp1.c" 
gcc -o tp1.exe "src\\input.o" "src\\menu.o" "src\\operaciones.o" "src\\tp1.o" "src\\validaciones.o" 
Info: Nothing to build for tp1
Info: Nothing to build for tp1
Info: Nothing to build for tp1
01:16:00 **** Incremental Build of configuration Debug for project tp1 ****
Info: Internal Builder is used for build
gcc -O0 -g3 -Wall -c -fmessage-length=0 -o "src\\tp1.o" "..\\src\\tp1.c" 
gcc -o tp1.exe "src\\input.o" "src\\menu.o" "src\\operaciones.o" "src\\tp1.o" "src\\validaciones.o" 
Info: Nothing to build for tp1
18:01:44 **** Incremental Build of configuration Debug for project tp1 ****
Info: Internal Builder is used for build
gcc -O0 -g3 -Wall -c -fmessage-length=0 -o "src\\validaciones.o" "..\\src\\validaciones.c" 
gcc -O0 -g3 -Wall -c -fmessage-length=0 -o "src\\tp1.o" "..\\src\\tp1.c" 
..\src\tp1.c: In function 'main':
..\src\tp1.c:46:24: warning: implicit declaration of function 'ingresarNumero' [-Wimplicit-function-declaration]
     flagPrimerNumero = ingresarNumero("Ingresa el Primer Nmero : ",&numeroUno);
                        ^~~~~~~~~~~~~~
gcc -o tp1.exe "src\\input.o" "src\\menu.o" "src\\operaciones.o" "src\\tp1.o" "src\\validaciones.o" 
18:02:27 **** Incremental Build of configuration Debug for project tp1 ****
Info: Internal Builder is used for build
gcc -O0 -g3 -Wall -c -fmessage-length=0 -o "src\\tp1.o" "..\\src\\tp1.c" 
gcc -O0 -g3 -Wall -c -fmessage-length=0 -o "src\\validaciones.o" "..\\src\\validaciones.c" 
gcc -O0 -g3 -Wall -c -fmessage-length=0 -o "src\\input.o" "..\\src\\input.c" 
gcc -o tp1.exe "src\\input.o" "src\\menu.o" "src\\operaciones.o" "src\\tp1.o" "src\\validaciones.o" 
18:27:59 **** Incremental Build of configuration Debug for project tp1 ****
Info: Internal Builder is used for build
gcc -O0 -g3 -Wall -c -fmessage-length=0 -o "src\\operaciones.o" "..\\src\\operaciones.c" 
..\src\operaciones.c: In function 'calcularFactorial':
..\src\operaciones.c:53:23: warning: implicit declaration of function 'verificarNumFactorial' [-Wimplicit-function-declaration]
  int numeroEsEntero = verificarNumFactorial(numero);
                       ^~~~~~~~~~~~~~~~~~~~~
gcc -O0 -g3 -Wall -c -fmessage-length=0 -o "src\\tp1.o" "..\\src\\tp1.c" 
gcc -O0 -g3 -Wall -c -fmessage-length=0 -o "src\\menu.o" "..\\src\\menu.c" 
gcc -O0 -g3 -Wall -c -fmessage-length=0 -o "src\\validaciones.o" "..\\src\\validaciones.c" 
gcc -o tp1.exe "src\\input.o" "src\\menu.o" "src\\operaciones.o" "src\\tp1.o" "src\\validaciones.o" 
src\operaciones.o: In function `calcularFactorial':
C:\Users\franc\Desktop\TPCalculadora\tp1\Debug/../src/operaciones.c:53: undefined reference to `verificarNumFactorial'
collect2.exe: error: ld returned 1 exit status
18:28:20 **** Incremental Build of configuration Debug for project tp1 ****
Info: Internal Builder is used for build
gcc -O0 -g3 -Wall -c -fmessage-length=0 -o "src\\operaciones.o" "..\\src\\operaciones.c" 
gcc -o tp1.exe "src\\input.o" "src\\menu.o" "src\\operaciones.o" "src\\tp1.o" "src\\validaciones.o" 
Info: Nothing to build for tp1
18:47:45 **** Incremental Build of configuration Debug for project tp1 ****
Info: Internal Builder is used for build
gcc -O0 -g3 -Wall -c -fmessage-length=0 -o "src\\menu.o" "..\\src\\menu.c" 
gcc -O0 -g3 -Wall -c -fmessage-length=0 -o "src\\tp1.o" "..\\src\\tp1.c" 
gcc -O0 -g3 -Wall -c -fmessage-length=0 -o "src\\operaciones.o" "..\\src\\operaciones.c" 
gcc -O0 -g3 -Wall -c -fmessage-length=0 -o "src\\validaciones.o" "..\\src\\validaciones.c" 
gcc -o tp1.exe "src\\input.o" "src\\menu.o" "src\\operaciones.o" "src\\tp1.o" "src\\validaciones.o" 
Info: Nothing to build for tp1
Info: Nothing to build for tp1
Info: Nothing to build for tp1
Info: Nothing to build for tp1
Info: Nothing to build for tp1
Info: Nothing to build for tp1
19:13:18 **** Incremental Build of configuration Debug for project tp1 ****
Info: Internal Builder is used for build
gcc -O0 -g3 -Wall -c -fmessage-length=0 -o "src\\tp1.o" "..\\src\\tp1.c" 
gcc -O0 -g3 -Wall -c -fmessage-length=0 -o "src\\menu.o" "..\\src\\menu.c" 
gcc -o tp1.exe "src\\input.o" "src\\menu.o" "src\\operaciones.o" "src\\tp1.o" "src\\validaciones.o" 
Info: Nothing to build for tp1
Info: Nothing to build for tp1
Info: Nothing to build for tp1
Info: Nothing to build for tp1
Info: Nothing to build for tp1
Info: Nothing to build for tp1
Info: Nothing to build for tp1
Info: Nothing to build for tp1
Info: Nothing to build for tp1
19:33:15 **** Incremental Build of configuration Debug for project tp1 ****
Info: Internal Builder is used for build
gcc -O0 -g3 -Wall -c -fmessage-length=0 -o "src\\menu.o" "..\\src\\menu.c" 
gcc -o tp1.exe "src\\input.o" "src\\menu.o" "src\\operaciones.o" "src\\tp1.o" "src\\validaciones.o" 
19:33:26 **** Incremental Build of configuration Debug for project tp1 ****
Info: Internal Builder is used for build
gcc -O0 -g3 -Wall -c -fmessage-length=0 -o "src\\menu.o" "..\\src\\menu.c" 
gcc -o tp1.exe "src\\input.o" "src\\menu.o" "src\\operaciones.o" "src\\tp1.o" "src\\validaciones.o" 
19:33:43 **** Incremental Build of configuration Debug for project tp1 ****
Info: Internal Builder is used for build
gcc -O0 -g3 -Wall -c -fmessage-length=0 -o "src\\tp1.o" "..\\src\\tp1.c" 
gcc -O0 -g3 -Wall -c -fmessage-length=0 -o "src\\menu.o" "..\\src\\menu.c" 
gcc -o tp1.exe "src\\input.o" "src\\menu.o" "src\\operaciones.o" "src\\tp1.o" "src\\validaciones.o" 
19:34:25 **** Incremental Build of configuration Debug for project tp1 ****
Info: Internal Builder is used for build
gcc -O0 -g3 -Wall -c -fmessage-length=0 -o "src\\tp1.o" "..\\src\\tp1.c" 
gcc -O0 -g3 -Wall -c -fmessage-length=0 -o "src\\operaciones.o" "..\\src\\operaciones.c" 
gcc -o tp1.exe "src\\input.o" "src\\menu.o" "src\\operaciones.o" "src\\tp1.o" "src\\validaciones.o" 
19:35:01 **** Incremental Build of configuration Debug for project tp1 ****
Info: Internal Builder is used for build
gcc -O0 -g3 -Wall -c -fmessage-length=0 -o "src\\validaciones.o" "..\\src\\validaciones.c" 
gcc -o tp1.exe "src\\input.o" "src\\menu.o" "src\\operaciones.o" "src\\tp1.o" "src\\validaciones.o" 
Info: Nothing to build for tp1
Info: Nothing to build for tp1
Info: Nothing to build for tp1
19:36:44 **** Incremental Build of configuration Debug for project tp1 ****
Info: Internal Builder is used for build
gcc -O0 -g3 -Wall -c -fmessage-length=0 -o "src\\tp1.o" "..\\src\\tp1.c" 
..\src\tp1.c: In function 'main':
..\src\tp1.c:19:2: warning: implicit declaration of function 'setbuf' [-Wimplicit-function-declaration]
  setbuf(stdout, NULL);
  ^~~~~~
..\src\tp1.c:19:9: error: 'stdout' undeclared (first use in this function)
  setbuf(stdout, NULL);
         ^~~~~~
..\src\tp1.c:19:9: note: each undeclared identifier is reported only once for each function it appears in
..\src\tp1.c:62:6: warning: implicit declaration of function 'printf' [-Wimplicit-function-declaration]
      printf("Calculos realizados\n");
      ^~~~~~
..\src\tp1.c:62:6: warning: incompatible implicit declaration of built-in function 'printf'
..\src\tp1.c:62:6: note: include '<stdio.h>' or provide a declaration of 'printf'
..\src\tp1.c:85:7: warning: incompatible implicit declaration of built-in function 'printf'
       printf("No realizaste los calculos\n");
       ^~~~~~
..\src\tp1.c:85:7: note: include '<stdio.h>' or provide a declaration of 'printf'
..\src\tp1.c:95:5: warning: incompatible implicit declaration of built-in function 'printf'
     printf("Gracias por usar la calculadora de Franco Messina\n");
     ^~~~~~
..\src\tp1.c:95:5: note: include '<stdio.h>' or provide a declaration of 'printf'
19:36:56 **** Incremental Build of configuration Debug for project tp1 ****
Info: Internal Builder is used for build
gcc -O0 -g3 -Wall -c -fmessage-length=0 -o "src\\tp1.o" "..\\src\\tp1.c" 
gcc -o tp1.exe "src\\input.o" "src\\menu.o" "src\\operaciones.o" "src\\tp1.o" "src\\validaciones.o" 
Info: Nothing to build for tp1
Info: Nothing to build for tp1
Info: Nothing to build for tp1
20:42:15 **** Incremental Build of configuration Debug for project tp1 ****
Info: Internal Builder is used for build
gcc -O0 -g3 -Wall -c -fmessage-length=0 -o "src\\menu.o" "..\\src\\menu.c" 
gcc -O0 -g3 -Wall -c -fmessage-length=0 -o "src\\operaciones.o" "..\\src\\operaciones.c" 
gcc -O0 -g3 -Wall -c -fmessage-length=0 -o "src\\tp1.o" "..\\src\\tp1.c" 
gcc -o tp1.exe "src\\input.o" "src\\menu.o" "src\\operaciones.o" "src\\tp1.o" "src\\validaciones.o" 
20:43:08 **** Incremental Build of configuration Debug for project tp1 ****
Info: Internal Builder is used for build
gcc -O0 -g3 -Wall -c -fmessage-length=0 -o "src\\menu.o" "..\\src\\menu.c" 
gcc -O0 -g3 -Wall -c -fmessage-length=0 -o "src\\tp1.o" "..\\src\\tp1.c" 
gcc -o tp1.exe "src\\input.o" "src\\menu.o" "src\\operaciones.o" "src\\tp1.o" "src\\validaciones.o" 
Info: Nothing to build for tp1
Info: Nothing to build for tp1
Info: Nothing to build for tp1
Info: Nothing to build for tp1
20:45:00 **** Incremental Build of configuration Debug for project tp1 ****
Info: Internal Builder is used for build
gcc -O0 -g3 -Wall -c -fmessage-length=0 -o "src\\menu.o" "..\\src\\menu.c" 
gcc -o tp1.exe "src\\input.o" "src\\menu.o" "src\\operaciones.o" "src\\tp1.o" "src\\validaciones.o" 
c:/mingw/bin/../lib/gcc/mingw32/6.3.0/../../../../mingw32/bin/ld.exe: cannot open output file tp1.exe: Permission denied
collect2.exe: error: ld returned 1 exit status
20:45:02 **** Incremental Build of configuration Debug for project tp1 ****
Info: Internal Builder is used for build
gcc -o tp1.exe "src\\input.o" "src\\menu.o" "src\\operaciones.o" "src\\tp1.o" "src\\validaciones.o" 
Info: Nothing to build for tp1
20:45:59 **** Incremental Build of configuration Debug for project tp1 ****
Info: Internal Builder is used for build
gcc -O0 -g3 -Wall -c -fmessage-length=0 -o "src\\menu.o" "..\\src\\menu.c" 
gcc -o tp1.exe "src\\input.o" "src\\menu.o" "src\\operaciones.o" "src\\tp1.o" "src\\validaciones.o" 
Info: Nothing to build for tp1
Info: Nothing to build for tp1
Info: Nothing to build for tp1
20:49:45 **** Incremental Build of configuration Debug for project tp1 ****
Info: Internal Builder is used for build
gcc -O0 -g3 -Wall -c -fmessage-length=0 -o "src\\menu.o" "..\\src\\menu.c" 
gcc -O0 -g3 -Wall -c -fmessage-length=0 -o "src\\tp1.o" "..\\src\\tp1.c" 
gcc -o tp1.exe "src\\input.o" "src\\menu.o" "src\\operaciones.o" "src\\tp1.o" "src\\validaciones.o" 
Info: Nothing to build for tp1
20:56:44 **** Incremental Build of configuration Debug for project tp1 ****
Info: Internal Builder is used for build
gcc -O0 -g3 -Wall -c -fmessage-length=0 -o "src\\menu.o" "..\\src\\menu.c" 
gcc -o tp1.exe "src\\input.o" "src\\menu.o" "src\\operaciones.o" "src\\tp1.o" "src\\validaciones.o" 
c:/mingw/bin/../lib/gcc/mingw32/6.3.0/../../../../mingw32/bin/ld.exe: cannot open output file tp1.exe: Permission denied
collect2.exe: error: ld returned 1 exit status
20:56:47 **** Incremental Build of configuration Debug for project tp1 ****
Info: Internal Builder is used for build
gcc -o tp1.exe "src\\input.o" "src\\menu.o" "src\\operaciones.o" "src\\tp1.o" "src\\validaciones.o" 
Info: Nothing to build for tp1
Info: Nothing to build for tp1
20:57:20 **** Incremental Build of configuration Debug for project tp1 ****
Info: Internal Builder is used for build
gcc -O0 -g3 -Wall -c -fmessage-length=0 -o "src\\menu.o" "..\\src\\menu.c" 
gcc -o tp1.exe "src\\input.o" "src\\menu.o" "src\\operaciones.o" "src\\tp1.o" "src\\validaciones.o" 
Info: Nothing to build for tp1
20:59:31 **** Incremental Build of configuration Debug for project tp1 ****
Info: Internal Builder is used for build
gcc -O0 -g3 -Wall -c -fmessage-length=0 -o "src\\tp1.o" "..\\src\\tp1.c" 
gcc -O0 -g3 -Wall -c -fmessage-length=0 -o "src\\menu.o" "..\\src\\menu.c" 
gcc -O0 -g3 -Wall -c -fmessage-length=0 -o "src\\operaciones.o" "..\\src\\operaciones.c" 
gcc -o tp1.exe "src\\input.o" "src\\menu.o" "src\\operaciones.o" "src\\tp1.o" "src\\validaciones.o" 
c:/mingw/bin/../lib/gcc/mingw32/6.3.0/../../../../mingw32/bin/ld.exe: cannot open output file tp1.exe: Permission denied
collect2.exe: error: ld returned 1 exit status
20:59:33 **** Incremental Build of configuration Debug for project tp1 ****
Info: Internal Builder is used for build
gcc -o tp1.exe "src\\input.o" "src\\menu.o" "src\\operaciones.o" "src\\tp1.o" "src\\validaciones.o" 
Info: Nothing to build for tp1
Info: Nothing to build for tp1
21:00:06 **** Incremental Build of configuration Debug for project tp1 ****
Info: Internal Builder is used for build
gcc -O0 -g3 -Wall -c -fmessage-length=0 -o "src\\menu.o" "..\\src\\menu.c" 
..\src\menu.c:30:6: error: conflicting types for 'mostrarMultiplicacion'
 void mostrarMultiplicacion(float numeroUno, float numeroDos, float resultadoMultiplicacion)
      ^~~~~~~~~~~~~~~~~~~~~
In file included from ..\src\menu.c:9:0:
..\src\menu.h:37:6: note: previous declaration of 'mostrarMultiplicacion' was here
 void mostrarMultiplicacion(float numeroUno, float numeroDos, double resultadoMultiplicacion);
      ^~~~~~~~~~~~~~~~~~~~~
21:00:07 **** Incremental Build of configuration Debug for project tp1 ****
Info: Internal Builder is used for build
gcc -O0 -g3 -Wall -c -fmessage-length=0 -o "src\\menu.o" "..\\src\\menu.c" 
..\src\menu.c:30:6: error: conflicting types for 'mostrarMultiplicacion'
 void mostrarMultiplicacion(float numeroUno, float numeroDos, float resultadoMultiplicacion)
      ^~~~~~~~~~~~~~~~~~~~~
In file included from ..\src\menu.c:9:0:
..\src\menu.h:37:6: note: previous declaration of 'mostrarMultiplicacion' was here
 void mostrarMultiplicacion(float numeroUno, float numeroDos, double resultadoMultiplicacion);
      ^~~~~~~~~~~~~~~~~~~~~
21:00:07 **** Incremental Build of configuration Debug for project tp1 ****
Info: Internal Builder is used for build
gcc -O0 -g3 -Wall -c -fmessage-length=0 -o "src\\menu.o" "..\\src\\menu.c" 
..\src\menu.c:30:6: error: conflicting types for 'mostrarMultiplicacion'
 void mostrarMultiplicacion(float numeroUno, float numeroDos, float resultadoMultiplicacion)
      ^~~~~~~~~~~~~~~~~~~~~
In file included from ..\src\menu.c:9:0:
..\src\menu.h:37:6: note: previous declaration of 'mostrarMultiplicacion' was here
 void mostrarMultiplicacion(float numeroUno, float numeroDos, double resultadoMultiplicacion);
      ^~~~~~~~~~~~~~~~~~~~~
21:00:10 **** Incremental Build of configuration Debug for project tp1 ****
Info: Internal Builder is used for build
gcc -O0 -g3 -Wall -c -fmessage-length=0 -o "src\\menu.o" "..\\src\\menu.c" 
..\src\menu.c:30:6: error: conflicting types for 'mostrarMultiplicacion'
 void mostrarMultiplicacion(float numeroUno, float numeroDos, float resultadoMultiplicacion)
      ^~~~~~~~~~~~~~~~~~~~~
In file included from ..\src\menu.c:9:0:
..\src\menu.h:37:6: note: previous declaration of 'mostrarMultiplicacion' was here
 void mostrarMultiplicacion(float numeroUno, float numeroDos, double resultadoMultiplicacion);
      ^~~~~~~~~~~~~~~~~~~~~
21:00:37 **** Incremental Build of configuration Debug for project tp1 ****
Info: Internal Builder is used for build
gcc -O0 -g3 -Wall -c -fmessage-length=0 -o "src\\menu.o" "..\\src\\menu.c" 
gcc -O0 -g3 -Wall -c -fmessage-length=0 -o "src\\tp1.o" "..\\src\\tp1.c" 
gcc -o tp1.exe "src\\input.o" "src\\menu.o" "src\\operaciones.o" "src\\tp1.o" "src\\validaciones.o" 
Info: Nothing to build for tp1
Info: Nothing to build for tp1
Info: Nothing to build for tp1
21:01:23 **** Incremental Build of configuration Debug for project tp1 ****
Info: Internal Builder is used for build
gcc -O0 -g3 -Wall -c -fmessage-length=0 -o "src\\tp1.o" "..\\src\\tp1.c" 
gcc -o tp1.exe "src\\input.o" "src\\menu.o" "src\\operaciones.o" "src\\tp1.o" "src\\validaciones.o" 
Info: Nothing to build for tp1
21:01:51 **** Incremental Build of configuration Debug for project tp1 ****
Info: Internal Builder is used for build
gcc -O0 -g3 -Wall -c -fmessage-length=0 -o "src\\operaciones.o" "..\\src\\operaciones.c" 
gcc -o tp1.exe "src\\input.o" "src\\menu.o" "src\\operaciones.o" "src\\tp1.o" "src\\validaciones.o" 
Info: Nothing to build for tp1
Info: Nothing to build for tp1
Info: Nothing to build for tp1
Info: Nothing to build for tp1
21:03:56 **** Incremental Build of configuration Debug for project tp1 ****
Info: Internal Builder is used for build
gcc -O0 -g3 -Wall -c -fmessage-length=0 -o "src\\menu.o" "..\\src\\menu.c" 
gcc -o tp1.exe "src\\input.o" "src\\menu.o" "src\\operaciones.o" "src\\tp1.o" "src\\validaciones.o" 
Info: Nothing to build for tp1
21:04:58 **** Incremental Build of configuration Debug for project tp1 ****
Info: Internal Builder is used for build
gcc -O0 -g3 -Wall -c -fmessage-length=0 -o "src\\menu.o" "..\\src\\menu.c" 
gcc -o tp1.exe "src\\input.o" "src\\menu.o" "src\\operaciones.o" "src\\tp1.o" "src\\validaciones.o" 
Info: Nothing to build for tp1
21:07:29 **** Incremental Build of configuration Debug for project tp1 ****
Info: Internal Builder is used for build
gcc -O0 -g3 -Wall -c -fmessage-length=0 -o "src\\tp1.o" "..\\src\\tp1.c" 
gcc -O0 -g3 -Wall -c -fmessage-length=0 -o "src\\menu.o" "..\\src\\menu.c" 
gcc -o tp1.exe "src\\input.o" "src\\menu.o" "src\\operaciones.o" "src\\tp1.o" "src\\validaciones.o" 
Info: Nothing to build for tp1
Info: Nothing to build for tp1
21:14:11 **** Incremental Build of configuration Debug for project tp1 ****
Info: Internal Builder is used for build
gcc -O0 -g3 -Wall -c -fmessage-length=0 -o "src\\tp1.o" "..\\src\\tp1.c" 
gcc -O0 -g3 -Wall -c -fmessage-length=0 -o "src\\menu.o" "..\\src\\menu.c" 
gcc -o tp1.exe "src\\input.o" "src\\menu.o" "src\\operaciones.o" "src\\tp1.o" "src\\validaciones.o" 
Info: Nothing to build for tp1
Info: Nothing to build for tp1
21:16:20 **** Incremental Build of configuration Debug for project tp1 ****
Info: Internal Builder is used for build
gcc -O0 -g3 -Wall -c -fmessage-length=0 -o "src\\menu.o" "..\\src\\menu.c" 
gcc -O0 -g3 -Wall -c -fmessage-length=0 -o "src\\tp1.o" "..\\src\\tp1.c" 
gcc -o tp1.exe "src\\input.o" "src\\menu.o" "src\\operaciones.o" "src\\tp1.o" "src\\validaciones.o" 
Info: Nothing to build for tp1
21:46:30 **** Incremental Build of configuration Debug for project tp1 ****
Info: Internal Builder is used for build
gcc -O0 -g3 -Wall -c -fmessage-length=0 -o "src\\menu.o" "..\\src\\menu.c" 
gcc -O0 -g3 -Wall -c -fmessage-length=0 -o "src\\operaciones.o" "..\\src\\operaciones.c" 
gcc -O0 -g3 -Wall -c -fmessage-length=0 -o "src\\tp1.o" "..\\src\\tp1.c" 
gcc -O0 -g3 -Wall -c -fmessage-length=0 -o "src\\validaciones.o" "..\\src\\validaciones.c" 
gcc -o tp1.exe "src\\input.o" "src\\menu.o" "src\\operaciones.o" "src\\tp1.o" "src\\validaciones.o" 
Info: Nothing to build for tp1
22:07:48 **** Incremental Build of configuration Debug for project tp1 ****
Info: Internal Builder is used for build
gcc -O0 -g3 -Wall -c -fmessage-length=0 -o "src\\validaciones.o" "..\\src\\validaciones.c" 
gcc -O0 -g3 -Wall -c -fmessage-length=0 -o "src\\tp1.o" "..\\src\\tp1.c" 
gcc -O0 -g3 -Wall -c -fmessage-length=0 -o "src\\operaciones.o" "..\\src\\operaciones.c" 
gcc -O0 -g3 -Wall -c -fmessage-length=0 -o "src\\menu.o" "..\\src\\menu.c" 
gcc -o tp1.exe "src\\input.o" "src\\menu.o" "src\\operaciones.o" "src\\tp1.o" "src\\validaciones.o" 
Info: Nothing to build for tp1
Info: Nothing to build for tp1
Info: Nothing to build for tp1
22:17:11 **** Incremental Build of configuration Debug for project tp1 ****
Info: Internal Builder is used for build
gcc -O0 -g3 -Wall -c -fmessage-length=0 -o "src\\menu.o" "..\\src\\menu.c" 
gcc -O0 -g3 -Wall -c -fmessage-length=0 -o "src\\tp1.o" "..\\src\\tp1.c" 
gcc -o tp1.exe "src\\input.o" "src\\menu.o" "src\\operaciones.o" "src\\tp1.o" "src\\validaciones.o" 
Info: Nothing to build for tp1
22:19:48 **** Incremental Build of configuration Debug for project tp1 ****
Info: Internal Builder is used for build
gcc -O0 -g3 -Wall -c -fmessage-length=0 -o "src\\menu.o" "..\\src\\menu.c" 
gcc -o tp1.exe "src\\input.o" "src\\menu.o" "src\\operaciones.o" "src\\tp1.o" "src\\validaciones.o" 
